<?xml version="1.0" encoding="UTF-8" ?>
<testsuite tests="1" failures="0" name="com.wumingze.mvntest.helloworld.HelloWorldTest" time="0.004" errors="0" skipped="0">
  <properties>
    <property name="java.runtime.name" value="Java(TM) SE Runtime Environment"/>
    <property name="java.vm.version" value="11.0.1+13-LTS"/>
    <property name="sun.boot.library.path" value="C:\Program Files\Java\jdk-11.0.1\bin"/>
    <property name="maven.multiModuleProjectDirectory" value="D:/ying_yong_ruan_jian_data/Git/Maven"/>
    <property name="java.vm.vendor" value="Oracle Corporation"/>
    <property name="java.vendor.url" value="http://java.oracle.com/"/>
    <property name="guice.disable.misplaced.annotation.check" value="true"/>
    <property name="path.separator" value=";"/>
    <property name="java.vm.name" value="Java HotSpot(TM) 64-Bit Server VM"/>
    <property name="sun.os.patch.level" value=""/>
    <property name="user.script" value=""/>
    <property name="user.country" value="CN"/>
    <property name="sun.java.launcher" value="SUN_STANDARD"/>
    <property name="java.vm.specification.name" value="Java Virtual Machine Specification"/>
    <property name="user.dir" value="D:\ying_yong_ruan_jian_data\Git\Maven"/>
    <property name="java.vm.compressedOopsMode" value="32-bit"/>
    <property name="java.runtime.version" value="11.0.1+13-LTS"/>
    <property name="java.awt.graphicsenv" value="sun.awt.Win32GraphicsEnvironment"/>
    <property name="os.arch" value="amd64"/>
    <property name="java.io.tmpdir" value="C:\Users\yelan\AppData\Local\Temp\"/>
    <property name="line.separator" value="
"/>
    <property name="java.vm.specification.vendor" value="Oracle Corporation"/>
    <property name="user.variant" value=""/>
    <property name="os.name" value="Windows 10"/>
    <property name="classworlds.conf" value="D:/ying_yong_ruan_jian/Maven/apache-maven-3.6.1/bin/m2.conf"/>
    <property name="sun.jnu.encoding" value="GBK"/>
    <property name="java.library.path" value="C:\Program Files\Java\jdk-11.0.1\bin;C:\WINDOWS\Sun\Java\bin;C:\WINDOWS\system32;C:\WINDOWS;C:\Users\yelan\bin;D:\ying_yong_ruan_jian\Git\mingw64\bin;D:\ying_yong_ruan_jian\Git\usr\local\bin;D:\ying_yong_ruan_jian\Git\usr\bin;D:\ying_yong_ruan_jian\Git\usr\bin;D:\ying_yong_ruan_jian\Git\mingw64\bin;D:\ying_yong_ruan_jian\Git\usr\bin;C:\Users\yelan\bin;C:\Program Files (x86)\Mozilla Firefox;D:\ying_yong_ruan_jian_data\Microsoft VisualStudio 2017\Python36_64;D:\ying_yong_ruan_jian_data\Microsoft VisualStudio 2017\Python36_64\Scripts;C:\Python27;D:\ying_yong_ruan_jian\Maven\apache-maven-3.6.1\bin;C:\Python27\Scripts;C:\Program Files\Microsoft MPI\Bin;C:\Program Files (x86)\Common Files\Oracle\Java\javapath;C:\Windows\system32;C:\Windows;C:\Windows\System32\Wbem;C:\Windows\System32\WindowsPowerShell\v1.0;C:\Program Files (x86)\NVIDIA Corporation\PhysX\Common;C:\Program Files\Java\jdk-11.0.1\bin;C:\Program Files\Java\jdk1.8.0_191\bin;C:\Program Files\Java\jdk1.8.0_191\jre\bin;D:\应用软件的数据\eclipse\浏览器驱动;D:\ying_yon;_ruan_jian\Matlab 2018a\runtime\win64;D:\ying_yong_ruan_jian\Matlab 2018a\bin;C:\Program Files (x86)\Wolfram Research\WolframScript;C:\Program Files\Common Files\Autodesk Shared;C:\Program Files (x86)\Autodesk\Backburner;C:\WINDOWS\system32;C:\WINDOWS;C:\WINDOWS\System32\Wbem;C:\WINDOWS\System32\WindowsPowerShell\v1.0;C:\WINDOWS\System32\OpenSSH;C:\Program Files\dotnet;C:\Program Files\Microsoft SQL Server\130\Tools\Binn;C:\Program Files (x86)\Google\Chrome\Application;C:\Program Files\Common Files\Intel\WirelessCommon;C:\Program Files\Intel\WiFi\bin;C:\Program Files\Intel\WiFi\bin;C:\Program Files\Common Files\Intel\WirelessCommon;D:\ying_yong_ruan_jian\MySQL\mysql-8.0.18-winx64\bin;D:\ying_yong_ruan_jian\PowerShell7\7-preview\preview;D:\ying_yong_ruan_jian\Git\cmd;C:\Program Files (x86)\Intel\Intel(R) Management Engine Components\DAL;C:\Program Files\Intel\Intel(R) Management Engine Components\DAL;C:\Program Files\NVIDIA Corporation\NVIDIA NvDLISR;C:\Users\yelan\AppData\Local\Microsoft\WindowsApps;C:\Users\yelan\AppData\Local\GitHubDesktop\bin;C:\Program Files (x86)\Google\Chrome\Application;D:\ying_yong_ruan_jian\PyCharm\PyCharm Community Edition 2019.2.1\bin;C:\Users\yelan\AppData\Local\Microsoft\WindowsApps;D:\ying_yong_ruan_jian\Docker ToolBox v19.03.1\Docker Toolbox;D:\ying_yong_ruan_jian\Git\usr\bin\vendor_perl;D:\ying_yong_ruan_jian\Git\usr\bin\core_perl;."/>
    <property name="maven.conf" value="D:/ying_yong_ruan_jian/Maven/apache-maven-3.6.1/conf"/>
    <property name="jdk.debug" value="release"/>
    <property name="java.class.version" value="55.0"/>
    <property name="java.specification.name" value="Java Platform API Specification"/>
    <property name="sun.management.compiler" value="HotSpot 64-Bit Tiered Compilers"/>
    <property name="os.version" value="10.0"/>
    <property name="library.jansi.path" value="D:/ying_yong_ruan_jian/Maven/apache-maven-3.6.1/lib/jansi-native"/>
    <property name="user.home" value="C:\Users\yelan"/>
    <property name="user.timezone" value="Asia/Shanghai"/>
    <property name="java.awt.printerjob" value="sun.awt.windows.WPrinterJob"/>
    <property name="file.encoding" value="GBK"/>
    <property name="java.specification.version" value="11"/>
    <property name="user.name" value="yelan"/>
    <property name="java.class.path" value="D:/ying_yong_ruan_jian/Maven/apache-maven-3.6.1/boot/plexus-classworlds-2.6.0.jar"/>
    <property name="java.vm.specification.version" value="11"/>
    <property name="sun.arch.data.model" value="64"/>
    <property name="sun.java.command" value="org.codehaus.plexus.classworlds.launcher.Launcher clean install"/>
    <property name="java.home" value="C:\Program Files\Java\jdk-11.0.1"/>
    <property name="user.language" value="zh"/>
    <property name="java.specification.vendor" value="Oracle Corporation"/>
    <property name="awt.toolkit" value="sun.awt.windows.WToolkit"/>
    <property name="java.vm.info" value="mixed mode"/>
    <property name="java.version" value="11.0.1"/>
    <property name="java.vendor" value="Oracle Corporation"/>
    <property name="maven.home" value="D:\ying_yong_ruan_jian\Maven\apache-maven-3.6.1"/>
    <property name="file.separator" value="\"/>
    <property name="java.version.date" value="2018-10-16"/>
    <property name="java.vendor.url.bug" value="http://bugreport.java.com/bugreport/"/>
    <property name="sun.io.unicode.encoding" value="UnicodeLittle"/>
    <property name="sun.cpu.endian" value="little"/>
    <property name="java.vendor.version" value="18.9"/>
    <property name="sun.desktop" value="windows"/>
    <property name="sun.cpu.isalist" value="amd64"/>
  </properties>
  <testcase classname="com.wumingze.mvntest.helloworld.HelloWorldTest" name="testSayHello" time="0.004"/>
</testsuite>